2016-06-24 17:51:15,989 CRIT Server 'unix_http_server' running without any HTTP authentication checking
2016-06-25 22:31:52,753 CRIT Server 'unix_http_server' running without any HTTP authentication checking
2016-06-30 10:32:48,563 CRIT Server 'unix_http_server' running without any HTTP authentication checking
2016-06-30 10:47:39,200 CRIT Server 'unix_http_server' running without any HTTP authentication checking
2016-06-30 10:49:24,527 CRIT Server 'unix_http_server' running without any HTTP authentication checking
2016-06-30 10:52:27,626 CRIT Server 'unix_http_server' running without any HTTP authentication checking
2016-07-01 17:34:33,565 CRIT Server 'unix_http_server' running without any HTTP authentication checking
2016-07-01 17:41:06,490 CRIT Server 'unix_http_server' running without any HTTP authentication checking
2016-07-01 17:42:56,476 CRIT Server 'unix_http_server' running without any HTTP authentication checking
2016-07-01 17:44:34,086 CRIT Server 'unix_http_server' running without any HTTP authentication checking
2016-07-01 17:45:51,306 CRIT Server 'unix_http_server' running without any HTTP authentication checking
2016-07-01 17:47:14,573 CRIT Server 'unix_http_server' running without any HTTP authentication checking
2016-07-01 17:48:06,101 CRIT Server 'unix_http_server' running without any HTTP authentication checking
2016-07-01 17:49:48,363 CRIT Server 'unix_http_server' running without any HTTP authentication checking
2016-07-01 17:53:52,577 CRIT Server 'unix_http_server' running without any HTTP authentication checking
2016-07-01 17:56:22,231 CRIT Server 'unix_http_server' running without any HTTP authentication checking
2016-07-01 17:58:31,226 CRIT Server 'unix_http_server' running without any HTTP authentication checking
2016-07-01 17:59:55,174 CRIT Server 'unix_http_server' running without any HTTP authentication checking
2016-07-04 16:53:12,906 CRIT Server 'unix_http_server' running without any HTTP authentication checking
2016-07-04 16:55:59,294 CRIT Server 'unix_http_server' running without any HTTP authentication checking
2016-07-04 17:01:32,320 CRIT Server 'unix_http_server' running without any HTTP authentication checking
2016-07-04 17:08:42,162 CRIT Server 'unix_http_server' running without any HTTP authentication checking
2016-07-06 17:09:14,526 CRIT Server 'unix_http_server' running without any HTTP authentication checking
2016-07-06 17:12:48,867 CRIT Server 'unix_http_server' running without any HTTP authentication checking
2016-07-06 17:17:21,006 CRIT Server 'unix_http_server' running without any HTTP authentication checking
2016-07-06 17:28:08,648 CRIT Server 'unix_http_server' running without any HTTP authentication checking
2016-07-06 17:30:14,978 CRIT Server 'unix_http_server' running without any HTTP authentication checking
2016-07-06 17:32:14,096 CRIT Server 'unix_http_server' running without any HTTP authentication checking
2016-07-06 17:33:05,787 CRIT Server 'unix_http_server' running without any HTTP authentication checking
2016-07-06 17:33:54,462 CRIT Server 'unix_http_server' running without any HTTP authentication checking
2016-07-06 17:37:44,909 CRIT Server 'unix_http_server' running without any HTTP authentication checking
2016-07-06 17:38:33,253 CRIT Server 'unix_http_server' running without any HTTP authentication checking
2016-07-06 17:39:59,781 CRIT Server 'unix_http_server' running without any HTTP authentication checking
2016-07-06 17:42:28,740 CRIT Server 'unix_http_server' running without any HTTP authentication checking
2016-07-06 17:43:05,868 CRIT Server 'unix_http_server' running without any HTTP authentication checking
2016-07-06 17:43:46,226 ERRO Web interface error:Traceback (most recent call last):
  File "/Users/eugeneye/Documents/gbc-core/gbc-core/bin/python_env/gbc/lib/python2.7/site-packages/supervisor-3.2.2-py2.7.egg/supervisor/web.py", line 45, in more
    response = self.callback()
  File "/Users/eugeneye/Documents/gbc-core/gbc-core/bin/python_env/gbc/lib/python2.7/site-packages/supervisor-3.2.2-py2.7.egg/supervisor/web.py", line 162, in __call__
    body = self.render()
  File "/Users/eugeneye/Documents/gbc-core/gbc-core/bin/python_env/gbc/lib/python2.7/site-packages/supervisor-3.2.2-py2.7.egg/supervisor/web.py", line 490, in render
    info = rpcinterface.supervisor.getProcessInfo(sent_name)
  File "/Users/eugeneye/Documents/gbc-core/gbc-core/bin/python_env/gbc/lib/python2.7/site-packages/supervisor-3.2.2-py2.7.egg/supervisor/rpcinterface.py", line 594, in getProcessInfo
    self._update('getProcessInfo')
  File "/Users/eugeneye/Documents/gbc-core/gbc-core/bin/python_env/gbc/lib/python2.7/site-packages/supervisor-3.2.2-py2.7.egg/supervisor/rpcinterface.py", line 47, in _update
    raise RPCError(Faults.SHUTDOWN_STATE)
RPCError: code=6, text='SHUTDOWN_STATE'
2016-07-06 17:44:19,068 CRIT Server 'unix_http_server' running without any HTTP authentication checking
2016-07-06 17:44:58,006 CRIT Server 'unix_http_server' running without any HTTP authentication checking
2016-07-06 17:46:08,327 CRIT Server 'unix_http_server' running without any HTTP authentication checking
2016-07-06 18:10:28,747 CRIT Server 'unix_http_server' running without any HTTP authentication checking
2016-07-10 20:38:01,665 WARN received SIGTERM indicating exit request
